<?xml version="1.0" encoding="UTF-8"?>
<!-- Generated by org.testng.reporters.JUnitReportReporter -->
<testsuite hostname="FFE-PraveenM-FFE171" failures="0" tests="4" name="api.test.FireFlinkCrud" time="12.733" errors="0" timestamp="2025-06-17T08:10:30 IST" skipped="0">
  <testcase classname="api.test.FireFlinkCrud" name="SignIn" time="3.476"/>
  <testcase classname="api.test.FireFlinkCrud" name="ProjectCreation" time="4.031"/>
  <testcase classname="api.test.FireFlinkCrud" name="projectupdation" time="1.758"/>
  <testcase classname="api.test.FireFlinkCrud" name="projectDeletion" time="3.468"/>
</testsuite> <!-- api.test.FireFlinkCrud -->
