<?xml version="1.0" encoding="UTF-8"?>
<!-- Generated by org.testng.reporters.JUnitReportReporter -->
<testsuite hostname="FFE-PraveenM-FFE171" failures="0" tests="4" name="api.test.UserTests_propertiesFile" time="14.198" errors="0" timestamp="2025-05-16T07:48:18 IST" skipped="0">
  <testcase classname="api.test.UserTests_propertiesFile" name="testPostUserByName" time="3.251"/>
  <testcase classname="api.test.UserTests_propertiesFile" name="testGetUserByName" time="3.609"/>
  <testcase classname="api.test.UserTests_propertiesFile" name="testUpdateUserByName" time="5.885"/>
  <testcase classname="api.test.UserTests_propertiesFile" name="testDeleteUserByName" time="1.453"/>
</testsuite> <!-- api.test.UserTests_propertiesFile -->
