<?xml version="1.0" encoding="UTF-8"?>
<!-- Generated by org.testng.reporters.JUnitReportReporter -->
<testsuite hostname="FFE-PraveenM-FFE171" failures="0" tests="4" name="api.test.StoreTests" time="15.654" errors="0" timestamp="2025-05-21T22:39:37 IST" skipped="0">
  <testcase classname="api.test.StoreTests" name="getInventory" time="5.219"/>
  <testcase classname="api.test.StoreTests" name="postORDER" time="5.089"/>
  <testcase classname="api.test.StoreTests" name="getOrder" time="3.670"/>
  <testcase classname="api.test.StoreTests" name="deleteOrder" time="1.676"/>
</testsuite> <!-- api.test.StoreTests -->
