<?xml version="1.0" encoding="UTF-8"?>
<!-- Generated by org.testng.reporters.JUnitReportReporter -->
<testsuite hostname="FFE-PraveenM-FFE171" failures="0" tests="4" name="api.test.FireFlinkSignIn" time="11.891" errors="0" timestamp="2025-06-17T07:50:37 IST" skipped="0">
  <testcase classname="api.test.FireFlinkSignIn" name="SignIn" time="3.761"/>
  <testcase classname="api.test.FireFlinkSignIn" name="ProjectCreation" time="3.428"/>
  <testcase classname="api.test.FireFlinkSignIn" name="projectupdation" time="1.756"/>
  <testcase classname="api.test.FireFlinkSignIn" name="projectDeletion" time="2.946"/>
</testsuite> <!-- api.test.FireFlinkSignIn -->
