<?xml version="1.0" encoding="UTF-8"?>
<!-- Generated by org.testng.reporters.JUnitReportReporter -->
<testsuite hostname="FFE-PraveenM-FFE171" failures="0" tests="6" name="api.test.DDTests" time="22.074" errors="0" timestamp="2025-05-16T07:37:09 IST" skipped="0">
  <testcase classname="api.test.DDTests" name="testPostUserByName" time="4.954"/>
  <testcase classname="api.test.DDTests" name="testPostUserByName" time="3.308"/>
  <testcase classname="api.test.DDTests" name="testPostUserByName" time="3.499"/>
  <testcase classname="api.test.DDTests" name="testDeleteUserByName" time="3.377"/>
  <testcase classname="api.test.DDTests" name="testDeleteUserByName" time="3.510"/>
  <testcase classname="api.test.DDTests" name="testDeleteUserByName" time="3.426"/>
</testsuite> <!-- api.test.DDTests -->
