<?xml version="1.0" encoding="UTF-8"?>
<!-- Generated by org.testng.reporters.JUnitReportReporter -->
<testsuite hostname="FFE-PraveenM-FFE171" failures="0" tests="4" name="api.test.UserTests" time="17.688" errors="0" timestamp="2025-05-16T07:42:29 IST" skipped="0">
  <testcase classname="api.test.UserTests" name="testPostUserByName" time="4.872"/>
  <testcase classname="api.test.UserTests" name="testGetUserByName" time="3.596"/>
  <testcase classname="api.test.UserTests" name="testUpdateUserByName" time="5.763"/>
  <testcase classname="api.test.UserTests" name="testDeleteUserByName" time="3.457"/>
</testsuite> <!-- api.test.UserTests -->
